# JRE version: OpenJDK Runtime Environment (8.0_242-b08) (build 1.8.0_242-b08)
# Java VM: OpenJDK 64-Bit Server VM (25.242-b08 mixed mode linux-amd64 compressed oops)
Heap:
 PSYoungGen      total 766976K, used 662610K [0x000000066ab00000, 0x000000069cf80000, 0x00000007c0000000)
  eden space 725504K, 87% used [0x000000066ab00000,0x0000000691651b98,0x0000000696f80000)
  from space 41472K, 68% used [0x000000069a700000,0x000000069c2c3060,0x000000069cf80000)
  to   space 49152K, 0% used [0x0000000696f80000,0x0000000696f80000,0x0000000699f80000)
 ParOldGen       total 266752K, used 97696K [0x00000003c0000000, 0x00000003d0480000, 0x000000066ab00000)
  object space 266752K, 36% used [0x00000003c0000000,0x00000003c5f68248,0x00000003d0480000)
 Metaspace       used 42610K, capacity 43221K, committed 43776K, reserved 1087488K
  class space    used 5348K, capacity 5549K, committed 5632K, reserved 1048576K
GC Heap History (10 events):
Event: 4.359 GC heap before
{Heap before GC invocations=10 (full 1):
 PSYoungGen      total 435200K, used 434745K [0x000000066ab00000, 0x000000068e300000, 0x00000007c0000000)
  eden space 423936K, 100% used [0x000000066ab00000,0x0000000684900000,0x0000000684900000)
  from space 11264K, 95% used [0x000000068d800000,0x000000068e28e620,0x000000068e300000)
  to   space 47104K, 0% used [0x0000000688700000,0x0000000688700000,0x000000068b500000)
 ParOldGen       total 188928K, used 61581K [0x00000003c0000000, 0x00000003cb880000, 0x000000066ab00000)
  object space 188928K, 32% used [0x00000003c0000000,0x00000003c3c23788,0x00000003cb880000)
 Metaspace       used 28398K, capacity 28672K, committed 29184K, reserved 1075200K
  class space    used 3610K, capacity 3730K, committed 3840K, reserved 1048576K
Event: 4.370 GC heap after
Heap after GC invocations=10 (full 1):
 PSYoungGen      total 534528K, used 25385K [0x000000066ab00000, 0x0000000693200000, 0x00000007c0000000)
  eden space 487424K, 0% used [0x000000066ab00000,0x000000066ab00000,0x0000000688700000)
  from space 47104K, 53% used [0x0000000688700000,0x0000000689fca498,0x000000068b500000)
  to   space 45056K, 0% used [0x0000000690600000,0x0000000690600000,0x0000000693200000)
 ParOldGen       total 188928K, used 61589K [0x00000003c0000000, 0x00000003cb880000, 0x000000066ab00000)
  object space 188928K, 32% used [0x00000003c0000000,0x00000003c3c25788,0x00000003cb880000)
 Metaspace       used 28398K, capacity 28672K, committed 29184K, reserved 1075200K
  class space    used 3610K, capacity 3730K, committed 3840K, reserved 1048576K
}
Event: 5.661 GC heap before
{Heap before GC invocations=11 (full 1):
 PSYoungGen      total 534528K, used 443170K [0x000000066ab00000, 0x0000000693200000, 0x00000007c0000000)
  eden space 487424K, 85% used [0x000000066ab00000,0x00000006842fe440,0x0000000688700000)
  from space 47104K, 53% used [0x0000000688700000,0x0000000689fca498,0x000000068b500000)
  to   space 45056K, 0% used [0x0000000690600000,0x0000000690600000,0x0000000693200000)
 ParOldGen       total 188928K, used 61589K [0x00000003c0000000, 0x00000003cb880000, 0x000000066ab00000)
  object space 188928K, 32% used [0x00000003c0000000,0x00000003c3c25788,0x00000003cb880000)
 Metaspace       used 34781K, capacity 35181K, committed 35416K, reserved 1081344K
  class space    used 4476K, capacity 4605K, committed 4608K, reserved 1048576K
Event: 5.684 GC heap after
Heap after GC invocations=11 (full 1):
 PSYoungGen      total 615424K, used 35705K [0x000000066ab00000, 0x0000000698480000, 0x00000007c0000000)
  eden space 570368K, 0% used [0x000000066ab00000,0x000000066ab00000,0x000000068d800000)
  from space 45056K, 79% used [0x0000000690600000,0x00000006928de788,0x0000000693200000)
  to   space 47104K, 0% used [0x000000068d800000,0x000000068d800000,0x0000000690600000)
 ParOldGen       total 188928K, used 68274K [0x00000003c0000000, 0x00000003cb880000, 0x000000066ab00000)
  object space 188928K, 36% used [0x00000003c0000000,0x00000003c42ac980,0x00000003cb880000)
 Metaspace       used 34781K, capacity 35181K, committed 35416K, reserved 1081344K
  class space    used 4476K, capacity 4605K, committed 4608K, reserved 1048576K
}
Event: 5.684 GC heap before
{Heap before GC invocations=12 (full 2):
 PSYoungGen      total 615424K, used 35705K [0x000000066ab00000, 0x0000000698480000, 0x00000007c0000000)
  eden space 570368K, 0% used [0x000000066ab00000,0x000000066ab00000,0x000000068d800000)
  from space 45056K, 79% used [0x0000000690600000,0x00000006928de788,0x0000000693200000)
  to   space 47104K, 0% used [0x000000068d800000,0x000000068d800000,0x0000000690600000)
 ParOldGen       total 188928K, used 68274K [0x00000003c0000000, 0x00000003cb880000, 0x000000066ab00000)
  object space 188928K, 36% used [0x00000003c0000000,0x00000003c42ac980,0x00000003cb880000)
 Metaspace       used 34781K, capacity 35181K, committed 35416K, reserved 1081344K
  class space    used 4476K, capacity 4605K, committed 4608K, reserved 1048576K
Event: 5.774 GC heap after
Heap after GC invocations=12 (full 2):
 PSYoungGen      total 615424K, used 0K [0x000000066ab00000, 0x0000000698480000, 0x00000007c0000000)
  eden space 570368K, 0% used [0x000000066ab00000,0x000000066ab00000,0x000000068d800000)
  from space 45056K, 0% used [0x0000000690600000,0x0000000690600000,0x0000000693200000)
  to   space 47104K, 0% used [0x000000068d800000,0x000000068d800000,0x0000000690600000)
 ParOldGen       total 266752K, used 97680K [0x00000003c0000000, 0x00000003d0480000, 0x000000066ab00000)
  object space 266752K, 36% used [0x00000003c0000000,0x00000003c5f64248,0x00000003d0480000)
 Metaspace       used 34781K, capacity 35181K, committed 35416K, reserved 1081344K
  class space    used 4476K, capacity 4605K, committed 4608K, reserved 1048576K
}
Event: 7.145 GC heap before
{Heap before GC invocations=13 (full 2):
 PSYoungGen      total 615424K, used 570368K [0x000000066ab00000, 0x0000000698480000, 0x00000007c0000000)
  eden space 570368K, 100% used [0x000000066ab00000,0x000000068d800000,0x000000068d800000)
  from space 45056K, 0% used [0x0000000690600000,0x0000000690600000,0x0000000693200000)
  to   space 47104K, 0% used [0x000000068d800000,0x000000068d800000,0x0000000690600000)
 ParOldGen       total 266752K, used 97680K [0x00000003c0000000, 0x00000003d0480000, 0x000000066ab00000)
  object space 266752K, 36% used [0x00000003c0000000,0x00000003c5f64248,0x00000003d0480000)
 Metaspace       used 39748K, capacity 40225K, committed 40576K, reserved 1085440K
  class space    used 5074K, capacity 5223K, committed 5248K, reserved 1048576K
Event: 7.171 GC heap after
Heap after GC invocations=13 (full 2):
 PSYoungGen      total 617472K, used 42970K [0x000000066ab00000, 0x000000069d900000, 0x00000007c0000000)
  eden space 570368K, 0% used [0x000000066ab00000,0x000000066ab00000,0x000000068d800000)
  from space 47104K, 91% used [0x000000068d800000,0x00000006901f6988,0x0000000690600000)
  to   space 51200K, 0% used [0x000000069a700000,0x000000069a700000,0x000000069d900000)
 ParOldGen       total 266752K, used 97688K [0x00000003c0000000, 0x00000003d0480000, 0x000000066ab00000)
  object space 266752K, 36% used [0x00000003c0000000,0x00000003c5f66248,0x00000003d0480000)
 Metaspace       used 39748K, capacity 40225K, committed 40576K, reserved 1085440K
  class space    used 5074K, capacity 5223K, committed 5248K, reserved 1048576K
}
Event: 8.070 GC heap before
{Heap before GC invocations=14 (full 2):
 PSYoungGen      total 617472K, used 613338K [0x000000066ab00000, 0x000000069d900000, 0x00000007c0000000)
  eden space 570368K, 100% used [0x000000066ab00000,0x000000068d800000,0x000000068d800000)
  from space 47104K, 91% used [0x000000068d800000,0x00000006901f6988,0x0000000690600000)
  to   space 51200K, 0% used [0x000000069a700000,0x000000069a700000,0x000000069d900000)
 ParOldGen       total 266752K, used 97688K [0x00000003c0000000, 0x00000003d0480000, 0x000000066ab00000)
  object space 266752K, 36% used [0x00000003c0000000,0x00000003c5f66248,0x00000003d0480000)
 Metaspace       used 42268K, capacity 42931K, committed 43264K, reserved 1087488K
  class space    used 5333K, capacity 5544K, committed 5632K, reserved 1048576K
Event: 8.085 GC heap after
Heap after GC invocations=14 (full 2):
 PSYoungGen      total 766976K, used 28428K [0x000000066ab00000, 0x000000069cf80000, 0x00000007c0000000)
  eden space 725504K, 0% used [0x000000066ab00000,0x000000066ab00000,0x0000000696f80000)
  from space 41472K, 68% used [0x000000069a700000,0x000000069c2c3060,0x000000069cf80000)
  to   space 49152K, 0% used [0x0000000696f80000,0x0000000696f80000,0x0000000699f80000)
 ParOldGen       total 266752K, used 97696K [0x00000003c0000000, 0x00000003d0480000, 0x000000066ab00000)
  object space 266752K, 36% used [0x00000003c0000000,0x00000003c5f68248,0x00000003d0480000)
 Metaspace       used 42268K, capacity 42931K, committed 43264K, reserved 1087488K
  class space    used 5333K, capacity 5544K, committed 5632K, reserved 1048576K
}

