# JRE version: OpenJDK Runtime Environment (8.0_242-b08) (build 1.8.0_242-b08)
# Java VM: OpenJDK 64-Bit Server VM (25.242-b08 mixed mode linux-amd64 compressed oops)
Heap:
 PSYoungGen      total 893952K, used 209293K [0x000000066ab00000, 0x00000006b1e80000, 0x00000007c0000000)
  eden space 829952K, 20% used [0x000000066ab00000,0x0000000674e29a80,0x000000069d580000)
  from space 64000K, 65% used [0x000000069d580000,0x000000069feb9bb8,0x00000006a1400000)
  to   space 64512K, 0% used [0x00000006adf80000,0x00000006adf80000,0x00000006b1e80000)
 ParOldGen       total 269312K, used 160964K [0x00000003c0000000, 0x00000003d0700000, 0x000000066ab00000)
  object space 269312K, 59% used [0x00000003c0000000,0x00000003c9d31188,0x00000003d0700000)
 Metaspace       used 50784K, capacity 51651K, committed 51928K, reserved 1095680K
  class space    used 6383K, capacity 6642K, committed 6656K, reserved 1048576K
GC Heap History (10 events):
Event: 7.345 GC heap before
{Heap before GC invocations=13 (full 2):
 PSYoungGen      total 586752K, used 545792K [0x000000066ab00000, 0x0000000697680000, 0x00000007c0000000)
  eden space 545792K, 100% used [0x000000066ab00000,0x000000068c000000,0x000000068c000000)
  from space 40960K, 0% used [0x000000068eb00000,0x000000068eb00000,0x0000000691300000)
  to   space 44032K, 0% used [0x000000068c000000,0x000000068c000000,0x000000068eb00000)
 ParOldGen       total 269312K, used 97287K [0x00000003c0000000, 0x00000003d0700000, 0x000000066ab00000)
  object space 269312K, 36% used [0x00000003c0000000,0x00000003c5f01c38,0x00000003d0700000)
 Metaspace       used 39308K, capacity 39775K, committed 40280K, reserved 1085440K
  class space    used 5031K, capacity 5222K, committed 5248K, reserved 1048576K
Event: 7.376 GC heap after
Heap after GC invocations=13 (full 2):
 PSYoungGen      total 589824K, used 44021K [0x000000066ab00000, 0x000000069a700000, 0x00000007c0000000)
  eden space 545792K, 0% used [0x000000066ab00000,0x000000066ab00000,0x000000068c000000)
  from space 44032K, 99% used [0x000000068c000000,0x000000068eafd550,0x000000068eb00000)
  to   space 51200K, 0% used [0x0000000697500000,0x0000000697500000,0x000000069a700000)
 ParOldGen       total 269312K, used 102281K [0x00000003c0000000, 0x00000003d0700000, 0x000000066ab00000)
  object space 269312K, 37% used [0x00000003c0000000,0x00000003c63e25d0,0x00000003d0700000)
 Metaspace       used 39308K, capacity 39775K, committed 40280K, reserved 1085440K
  class space    used 5031K, capacity 5222K, committed 5248K, reserved 1048576K
}
Event: 8.188 GC heap before
{Heap before GC invocations=14 (full 2):
 PSYoungGen      total 589824K, used 589813K [0x000000066ab00000, 0x000000069a700000, 0x00000007c0000000)
  eden space 545792K, 100% used [0x000000066ab00000,0x000000068c000000,0x000000068c000000)
  from space 44032K, 99% used [0x000000068c000000,0x000000068eafd550,0x000000068eb00000)
  to   space 51200K, 0% used [0x0000000697500000,0x0000000697500000,0x000000069a700000)
 ParOldGen       total 269312K, used 102281K [0x00000003c0000000, 0x00000003d0700000, 0x000000066ab00000)
  object space 269312K, 37% used [0x00000003c0000000,0x00000003c63e25d0,0x00000003d0700000)
 Metaspace       used 43564K, capacity 44143K, committed 44504K, reserved 1087488K
  class space    used 5591K, capacity 5764K, committed 5888K, reserved 1048576K
Event: 8.205 GC heap after
Heap after GC invocations=14 (full 2):
 PSYoungGen      total 729088K, used 27862K [0x000000066ab00000, 0x000000069a480000, 0x00000007c0000000)
  eden space 680448K, 0% used [0x000000066ab00000,0x000000066ab00000,0x0000000694380000)
  from space 48640K, 57% used [0x0000000697500000,0x0000000699035bb8,0x000000069a480000)
  to   space 49664K, 0% used [0x0000000694380000,0x0000000694380000,0x0000000697400000)
 ParOldGen       total 269312K, used 113959K [0x00000003c0000000, 0x00000003d0700000, 0x000000066ab00000)
  object space 269312K, 42% used [0x00000003c0000000,0x00000003c6f49d98,0x00000003d0700000)
 Metaspace       used 43564K, capacity 44143K, committed 44504K, reserved 1087488K
  class space    used 5591K, capacity 5764K, committed 5888K, reserved 1048576K
}
Event: 9.436 GC heap before
{Heap before GC invocations=15 (full 2):
 PSYoungGen      total 729088K, used 708310K [0x000000066ab00000, 0x000000069a480000, 0x00000007c0000000)
  eden space 680448K, 100% used [0x000000066ab00000,0x0000000694380000,0x0000000694380000)
  from space 48640K, 57% used [0x0000000697500000,0x0000000699035bb8,0x000000069a480000)
  to   space 49664K, 0% used [0x0000000694380000,0x0000000694380000,0x0000000697400000)
 ParOldGen       total 269312K, used 113959K [0x00000003c0000000, 0x00000003d0700000, 0x000000066ab00000)
  object space 269312K, 42% used [0x00000003c0000000,0x00000003c6f49d98,0x00000003d0700000)
 Metaspace       used 49392K, capacity 50163K, committed 50648K, reserved 1093632K
  class space    used 6315K, capacity 6562K, committed 6656K, reserved 1048576K
Event: 9.455 GC heap after
Heap after GC invocations=15 (full 2):
 PSYoungGen      total 730112K, used 42859K [0x000000066ab00000, 0x00000006a4800000, 0x00000007c0000000)
  eden space 680448K, 0% used [0x000000066ab00000,0x000000066ab00000,0x0000000694380000)
  from space 49664K, 86% used [0x0000000694380000,0x0000000696d5acb0,0x0000000697400000)
  to   space 53248K, 0% used [0x00000006a1400000,0x00000006a1400000,0x00000006a4800000)
 ParOldGen       total 269312K, used 113967K [0x00000003c0000000, 0x00000003d0700000, 0x000000066ab00000)
  object space 269312K, 42% used [0x00000003c0000000,0x00000003c6f4bd98,0x00000003d0700000)
 Metaspace       used 49392K, capacity 50163K, committed 50648K, reserved 1093632K
  class space    used 6315K, capacity 6562K, committed 6656K, reserved 1048576K
}
Event: 10.655 GC heap before
{Heap before GC invocations=16 (full 2):
 PSYoungGen      total 730112K, used 723307K [0x000000066ab00000, 0x00000006a4800000, 0x00000007c0000000)
  eden space 680448K, 100% used [0x000000066ab00000,0x0000000694380000,0x0000000694380000)
  from space 49664K, 86% used [0x0000000694380000,0x0000000696d5acb0,0x0000000697400000)
  to   space 53248K, 0% used [0x00000006a1400000,0x00000006a1400000,0x00000006a4800000)
 ParOldGen       total 269312K, used 113967K [0x00000003c0000000, 0x00000003d0700000, 0x000000066ab00000)
  object space 269312K, 42% used [0x00000003c0000000,0x00000003c6f4bd98,0x00000003d0700000)
 Metaspace       used 50356K, capacity 51171K, committed 51416K, reserved 1093632K
  class space    used 6365K, capacity 6636K, committed 6656K, reserved 1048576K
Event: 10.680 GC heap after
Heap after GC invocations=16 (full 2):
 PSYoungGen      total 883200K, used 53232K [0x000000066ab00000, 0x00000006a5f00000, 0x00000007c0000000)
  eden space 829952K, 0% used [0x000000066ab00000,0x000000066ab00000,0x000000069d580000)
  from space 53248K, 99% used [0x00000006a1400000,0x00000006a47fc268,0x00000006a4800000)
  to   space 64000K, 0% used [0x000000069d580000,0x000000069d580000,0x00000006a1400000)
 ParOldGen       total 269312K, used 124604K [0x00000003c0000000, 0x00000003d0700000, 0x000000066ab00000)
  object space 269312K, 46% used [0x00000003c0000000,0x00000003c79af208,0x00000003d0700000)
 Metaspace       used 50356K, capacity 51171K, committed 51416K, reserved 1093632K
  class space    used 6365K, capacity 6636K, committed 6656K, reserved 1048576K
}
Event: 11.865 GC heap before
{Heap before GC invocations=17 (full 2):
 PSYoungGen      total 883200K, used 883184K [0x000000066ab00000, 0x00000006a5f00000, 0x00000007c0000000)
  eden space 829952K, 100% used [0x000000066ab00000,0x000000069d580000,0x000000069d580000)
  from space 53248K, 99% used [0x00000006a1400000,0x00000006a47fc268,0x00000006a4800000)
  to   space 64000K, 0% used [0x000000069d580000,0x000000069d580000,0x00000006a1400000)
 ParOldGen       total 269312K, used 124604K [0x00000003c0000000, 0x00000003d0700000, 0x000000066ab00000)
  object space 269312K, 46% used [0x00000003c0000000,0x00000003c79af208,0x00000003d0700000)
 Metaspace       used 50751K, capacity 51587K, committed 51928K, reserved 1095680K
  class space    used 6382K, capacity 6642K, committed 6656K, reserved 1048576K
Event: 11.897 GC heap after
Heap after GC invocations=17 (full 2):
 PSYoungGen      total 893952K, used 42214K [0x000000066ab00000, 0x00000006b1e80000, 0x00000007c0000000)
  eden space 829952K, 0% used [0x000000066ab00000,0x000000066ab00000,0x000000069d580000)
  from space 64000K, 65% used [0x000000069d580000,0x000000069feb9bb8,0x00000006a1400000)
  to   space 64512K, 0% used [0x00000006adf80000,0x00000006adf80000,0x00000006b1e80000)
 ParOldGen       total 269312K, used 160964K [0x00000003c0000000, 0x00000003d0700000, 0x000000066ab00000)
  object space 269312K, 59% used [0x00000003c0000000,0x00000003c9d31188,0x00000003d0700000)
 Metaspace       used 50751K, capacity 51587K, committed 51928K, reserved 1095680K
  class space    used 6382K, capacity 6642K, committed 6656K, reserved 1048576K
}

