# JRE version: OpenJDK Runtime Environment (8.0_265-b01) (build 1.8.0_265-8u265-b01-0ubuntu2~20.04-b01)
# Java VM: OpenJDK 64-Bit Server VM (25.265-b01 mixed mode linux-amd64 compressed oops)
Heap:
 PSYoungGen      total 5579264K, used 1762301K [0x000000066ab00000, 0x00000007bff80000, 0x00000007c0000000)
  eden space 5566464K, 31% used [0x000000066ab00000,0x00000006d5980d80,0x00000007be700000)
  from space 12800K, 83% used [0x00000007be700000,0x00000007bf17e758,0x00000007bf380000)
  to   space 12288K, 0% used [0x00000007bf380000,0x00000007bf380000,0x00000007bff80000)
 ParOldGen       total 3607040K, used 3160846K [0x00000003c0000000, 0x000000049c280000, 0x000000066ab00000)
  object space 3607040K, 87% used [0x00000003c0000000,0x0000000480ec3b30,0x000000049c280000)
 Metaspace       used 250412K, capacity 260557K, committed 260776K, reserved 1269760K
  class space    used 38390K, capacity 40845K, committed 40880K, reserved 1048576K
GC Heap History (10 events):
Event: 1005.418 GC heap before
{Heap before GC invocations=238 (full 11):
 PSYoungGen      total 5579776K, used 5578662K [0x000000066ab00000, 0x00000007c0000000, 0x00000007c0000000)
  eden space 5567488K, 100% used [0x000000066ab00000,0x00000007be800000,0x00000007be800000)
  from space 12288K, 90% used [0x00000007bf400000,0x00000007bfee9880,0x00000007c0000000)
  to   space 12288K, 0% used [0x00000007be800000,0x00000007be800000,0x00000007bf400000)
 ParOldGen       total 3607040K, used 3159451K [0x00000003c0000000, 0x000000049c280000, 0x000000066ab00000)
  object space 3607040K, 87% used [0x00000003c0000000,0x0000000480d66fe8,0x000000049c280000)
 Metaspace       used 250383K, capacity 260493K, committed 260776K, reserved 1269760K
  class space    used 38389K, capacity 40845K, committed 40880K, reserved 1048576K
Event: 1005.437 GC heap after
Heap after GC invocations=238 (full 11):
 PSYoungGen      total 5579776K, used 11269K [0x000000066ab00000, 0x00000007c0000000, 0x00000007c0000000)
  eden space 5567488K, 0% used [0x000000066ab00000,0x000000066ab00000,0x00000007be800000)
  from space 12288K, 91% used [0x00000007be800000,0x00000007bf3017a8,0x00000007bf400000)
  to   space 12288K, 0% used [0x00000007bf400000,0x00000007bf400000,0x00000007c0000000)
 ParOldGen       total 3607040K, used 3159667K [0x00000003c0000000, 0x000000049c280000, 0x000000066ab00000)
  object space 3607040K, 87% used [0x00000003c0000000,0x0000000480d9cfe8,0x000000049c280000)
 Metaspace       used 250383K, capacity 260493K, committed 260776K, reserved 1269760K
  class space    used 38389K, capacity 40845K, committed 40880K, reserved 1048576K
}
Event: 1010.728 GC heap before
{Heap before GC invocations=239 (full 11):
 PSYoungGen      total 5579776K, used 5578757K [0x000000066ab00000, 0x00000007c0000000, 0x00000007c0000000)
  eden space 5567488K, 100% used [0x000000066ab00000,0x00000007be800000,0x00000007be800000)
  from space 12288K, 91% used [0x00000007be800000,0x00000007bf3017a8,0x00000007bf400000)
  to   space 12288K, 0% used [0x00000007bf400000,0x00000007bf400000,0x00000007c0000000)
 ParOldGen       total 3607040K, used 3159667K [0x00000003c0000000, 0x000000049c280000, 0x000000066ab00000)
  object space 3607040K, 87% used [0x00000003c0000000,0x0000000480d9cfe8,0x000000049c280000)
 Metaspace       used 250384K, capacity 260493K, committed 260776K, reserved 1269760K
  class space    used 38389K, capacity 40845K, committed 40880K, reserved 1048576K
Event: 1010.749 GC heap after
Heap after GC invocations=239 (full 11):
 PSYoungGen      total 5579776K, used 10960K [0x000000066ab00000, 0x00000007c0000000, 0x00000007c0000000)
  eden space 5567488K, 0% used [0x000000066ab00000,0x000000066ab00000,0x00000007be800000)
  from space 12288K, 89% used [0x00000007bf400000,0x00000007bfeb4340,0x00000007c0000000)
  to   space 12288K, 0% used [0x00000007be800000,0x00000007be800000,0x00000007bf400000)
 ParOldGen       total 3607040K, used 3159992K [0x00000003c0000000, 0x000000049c280000, 0x000000066ab00000)
  object space 3607040K, 87% used [0x00000003c0000000,0x0000000480dee008,0x000000049c280000)
 Metaspace       used 250384K, capacity 260493K, committed 260776K, reserved 1269760K
  class space    used 38389K, capacity 40845K, committed 40880K, reserved 1048576K
}
Event: 1016.063 GC heap before
{Heap before GC invocations=240 (full 11):
 PSYoungGen      total 5579776K, used 5578448K [0x000000066ab00000, 0x00000007c0000000, 0x00000007c0000000)
  eden space 5567488K, 100% used [0x000000066ab00000,0x00000007be800000,0x00000007be800000)
  from space 12288K, 89% used [0x00000007bf400000,0x00000007bfeb4340,0x00000007c0000000)
  to   space 12288K, 0% used [0x00000007be800000,0x00000007be800000,0x00000007bf400000)
 ParOldGen       total 3607040K, used 3159992K [0x00000003c0000000, 0x000000049c280000, 0x000000066ab00000)
  object space 3607040K, 87% used [0x00000003c0000000,0x0000000480dee008,0x000000049c280000)
 Metaspace       used 250386K, capacity 260493K, committed 260776K, reserved 1269760K
  class space    used 38389K, capacity 40845K, committed 40880K, reserved 1048576K
Event: 1016.085 GC heap after
Heap after GC invocations=240 (full 11):
 PSYoungGen      total 5579776K, used 12020K [0x000000066ab00000, 0x00000007c0000000, 0x00000007c0000000)
  eden space 5567488K, 0% used [0x000000066ab00000,0x000000066ab00000,0x00000007be800000)
  from space 12288K, 97% used [0x00000007be800000,0x00000007bf3bd328,0x00000007bf400000)
  to   space 12288K, 0% used [0x00000007bf400000,0x00000007bf400000,0x00000007c0000000)
 ParOldGen       total 3607040K, used 3160152K [0x00000003c0000000, 0x000000049c280000, 0x000000066ab00000)
  object space 3607040K, 87% used [0x00000003c0000000,0x0000000480e16008,0x000000049c280000)
 Metaspace       used 250386K, capacity 260493K, committed 260776K, reserved 1269760K
  class space    used 38389K, capacity 40845K, committed 40880K, reserved 1048576K
}
Event: 1021.159 GC heap before
{Heap before GC invocations=241 (full 11):
 PSYoungGen      total 5579776K, used 5579508K [0x000000066ab00000, 0x00000007c0000000, 0x00000007c0000000)
  eden space 5567488K, 100% used [0x000000066ab00000,0x00000007be800000,0x00000007be800000)
  from space 12288K, 97% used [0x00000007be800000,0x00000007bf3bd328,0x00000007bf400000)
  to   space 12288K, 0% used [0x00000007bf400000,0x00000007bf400000,0x00000007c0000000)
 ParOldGen       total 3607040K, used 3160152K [0x00000003c0000000, 0x000000049c280000, 0x000000066ab00000)
  object space 3607040K, 87% used [0x00000003c0000000,0x0000000480e16008,0x000000049c280000)
 Metaspace       used 250386K, capacity 260493K, committed 260776K, reserved 1269760K
  class space    used 38389K, capacity 40845K, committed 40880K, reserved 1048576K
Event: 1021.181 GC heap after
Heap after GC invocations=241 (full 11):
 PSYoungGen      total 5578752K, used 11416K [0x000000066ab00000, 0x00000007c0000000, 0x00000007c0000000)
  eden space 5566464K, 0% used [0x000000066ab00000,0x000000066ab00000,0x00000007be700000)
  from space 12288K, 92% used [0x00000007bf400000,0x00000007bff26290,0x00000007c0000000)
  to   space 12800K, 0% used [0x00000007be700000,0x00000007be700000,0x00000007bf380000)
 ParOldGen       total 3607040K, used 3160456K [0x00000003c0000000, 0x000000049c280000, 0x000000066ab00000)
  object space 3607040K, 87% used [0x00000003c0000000,0x0000000480e62008,0x000000049c280000)
 Metaspace       used 250386K, capacity 260493K, committed 260776K, reserved 1269760K
  class space    used 38389K, capacity 40845K, committed 40880K, reserved 1048576K
}
Event: 1026.399 GC heap before
{Heap before GC invocations=242 (full 11):
 PSYoungGen      total 5578752K, used 5577880K [0x000000066ab00000, 0x00000007c0000000, 0x00000007c0000000)
  eden space 5566464K, 100% used [0x000000066ab00000,0x00000007be700000,0x00000007be700000)
  from space 12288K, 92% used [0x00000007bf400000,0x00000007bff26290,0x00000007c0000000)
  to   space 12800K, 0% used [0x00000007be700000,0x00000007be700000,0x00000007bf380000)
 ParOldGen       total 3607040K, used 3160456K [0x00000003c0000000, 0x000000049c280000, 0x000000066ab00000)
  object space 3607040K, 87% used [0x00000003c0000000,0x0000000480e62008,0x000000049c280000)
 Metaspace       used 250388K, capacity 260557K, committed 260776K, reserved 1269760K
  class space    used 38389K, capacity 40845K, committed 40880K, reserved 1048576K
Event: 1026.420 GC heap after
Heap after GC invocations=242 (full 11):
 PSYoungGen      total 5579264K, used 10745K [0x000000066ab00000, 0x00000007bff80000, 0x00000007c0000000)
  eden space 5566464K, 0% used [0x000000066ab00000,0x000000066ab00000,0x00000007be700000)
  from space 12800K, 83% used [0x00000007be700000,0x00000007bf17e758,0x00000007bf380000)
  to   space 12288K, 0% used [0x00000007bf380000,0x00000007bf380000,0x00000007bff80000)
 ParOldGen       total 3607040K, used 3160846K [0x00000003c0000000, 0x000000049c280000, 0x000000066ab00000)
  object space 3607040K, 87% used [0x00000003c0000000,0x0000000480ec3b30,0x000000049c280000)
 Metaspace       used 250388K, capacity 260557K, committed 260776K, reserved 1269760K
  class space    used 38389K, capacity 40845K, committed 40880K, reserved 1048576K
}

