# JRE version: OpenJDK Runtime Environment (8.0_242-b08) (build 1.8.0_242-b08)
# Java VM: OpenJDK 64-Bit Server VM (25.242-b08 mixed mode linux-amd64 compressed oops)
Heap:
 PSYoungGen      total 4893696K, used 1789545K [0x000000066ab00000, 0x00000007c0000000, 0x00000007c0000000)
  eden space 4537344K, 33% used [0x000000066ab00000,0x00000006c7a9eaa8,0x000000077fa00000)
  from space 356352K, 74% used [0x000000079e780000,0x00000007aeb7b9e0,0x00000007b4380000)
  to   space 505344K, 0% used [0x000000077fa00000,0x000000077fa00000,0x000000079e780000)
 ParOldGen       total 1414656K, used 946393K [0x00000003c0000000, 0x0000000416580000, 0x000000066ab00000)
  object space 1414656K, 66% used [0x00000003c0000000,0x00000003f9c36500,0x0000000416580000)
 Metaspace       used 148287K, capacity 151299K, committed 151448K, reserved 1175552K
  class space    used 24408K, capacity 25382K, committed 25504K, reserved 1048576K
GC Heap History (10 events):
Event: 41.325 GC heap before
{Heap before GC invocations=26 (full 5):
 PSYoungGen      total 3637760K, used 3445522K [0x000000066ab00000, 0x000000075ae80000, 0x00000007c0000000)
  eden space 3418624K, 100% used [0x000000066ab00000,0x000000073b580000,0x000000073b580000)
  from space 219136K, 12% used [0x000000074d880000,0x000000074f2c48a8,0x000000075ae80000)
  to   space 258560K, 0% used [0x000000073b580000,0x000000073b580000,0x000000074b200000)
 ParOldGen       total 889344K, used 597410K [0x00000003c0000000, 0x00000003f6480000, 0x000000066ab00000)
  object space 889344K, 67% used [0x00000003c0000000,0x00000003e4768aa0,0x00000003f6480000)
 Metaspace       used 128435K, capacity 130657K, committed 130840K, reserved 1159168K
  class space    used 20799K, capacity 21486K, committed 21536K, reserved 1048576K
Event: 41.392 GC heap after
Heap after GC invocations=26 (full 5):
 PSYoungGen      total 3677184K, used 139083K [0x000000066ab00000, 0x0000000781280000, 0x00000007c0000000)
  eden space 3418624K, 0% used [0x000000066ab00000,0x000000066ab00000,0x000000073b580000)
  from space 258560K, 53% used [0x000000073b580000,0x0000000743d52f28,0x000000074b200000)
  to   space 257024K, 0% used [0x0000000771780000,0x0000000771780000,0x0000000781280000)
 ParOldGen       total 889344K, used 617920K [0x00000003c0000000, 0x00000003f6480000, 0x000000066ab00000)
  object space 889344K, 69% used [0x00000003c0000000,0x00000003e5b70228,0x00000003f6480000)
 Metaspace       used 128435K, capacity 130657K, committed 130840K, reserved 1159168K
  class space    used 20799K, capacity 21486K, committed 21536K, reserved 1048576K
}
Event: 46.591 GC heap before
{Heap before GC invocations=27 (full 5):
 PSYoungGen      total 3677184K, used 3557707K [0x000000066ab00000, 0x0000000781280000, 0x00000007c0000000)
  eden space 3418624K, 100% used [0x000000066ab00000,0x000000073b580000,0x000000073b580000)
  from space 258560K, 53% used [0x000000073b580000,0x0000000743d52f28,0x000000074b200000)
  to   space 257024K, 0% used [0x0000000771780000,0x0000000771780000,0x0000000781280000)
 ParOldGen       total 889344K, used 617920K [0x00000003c0000000, 0x00000003f6480000, 0x000000066ab00000)
  object space 889344K, 69% used [0x00000003c0000000,0x00000003e5b70228,0x00000003f6480000)
 Metaspace       used 142188K, capacity 144977K, committed 145176K, reserved 1169408K
  class space    used 23556K, capacity 24482K, committed 24608K, reserved 1048576K
Event: 46.663 GC heap after
Heap after GC invocations=27 (full 5):
 PSYoungGen      total 4259840K, used 209920K [0x000000066ab00000, 0x0000000781400000, 0x00000007c0000000)
  eden space 4002816K, 0% used [0x000000066ab00000,0x000000066ab00000,0x000000075f000000)
  from space 257024K, 81% used [0x0000000771780000,0x000000077e480230,0x0000000781280000)
  to   space 280576K, 0% used [0x000000075f000000,0x000000075f000000,0x0000000770200000)
 ParOldGen       total 889344K, used 617928K [0x00000003c0000000, 0x00000003f6480000, 0x000000066ab00000)
  object space 889344K, 69% used [0x00000003c0000000,0x00000003e5b72228,0x00000003f6480000)
 Metaspace       used 142188K, capacity 144977K, committed 145176K, reserved 1169408K
  class space    used 23556K, capacity 24482K, committed 24608K, reserved 1048576K
}
Event: 51.703 GC heap before
{Heap before GC invocations=28 (full 5):
 PSYoungGen      total 4259840K, used 4212736K [0x000000066ab00000, 0x0000000781400000, 0x00000007c0000000)
  eden space 4002816K, 100% used [0x000000066ab00000,0x000000075f000000,0x000000075f000000)
  from space 257024K, 81% used [0x0000000771780000,0x000000077e480230,0x0000000781280000)
  to   space 280576K, 0% used [0x000000075f000000,0x000000075f000000,0x0000000770200000)
 ParOldGen       total 889344K, used 617928K [0x00000003c0000000, 0x00000003f6480000, 0x000000066ab00000)
  object space 889344K, 69% used [0x00000003c0000000,0x00000003e5b72228,0x00000003f6480000)
 Metaspace       used 147477K, capacity 150499K, committed 150552K, reserved 1175552K
  class space    used 24364K, capacity 25364K, committed 25376K, reserved 1048576K
Event: 51.827 GC heap after
Heap after GC invocations=28 (full 5):
 PSYoungGen      total 4283392K, used 280575K [0x000000066ab00000, 0x00000007b4380000, 0x00000007c0000000)
  eden space 4002816K, 0% used [0x000000066ab00000,0x000000066ab00000,0x000000075f000000)
  from space 280576K, 99% used [0x000000075f000000,0x00000007701ffc60,0x0000000770200000)
  to   space 356352K, 0% used [0x000000079e780000,0x000000079e780000,0x00000007b4380000)
 ParOldGen       total 889344K, used 701119K [0x00000003c0000000, 0x00000003f6480000, 0x000000066ab00000)
  object space 889344K, 78% used [0x00000003c0000000,0x00000003eacafe58,0x00000003f6480000)
 Metaspace       used 147477K, capacity 150499K, committed 150552K, reserved 1175552K
  class space    used 24364K, capacity 25364K, committed 25376K, reserved 1048576K
}
Event: 56.645 GC heap before
{Heap before GC invocations=29 (full 5):
 PSYoungGen      total 4283392K, used 4283391K [0x000000066ab00000, 0x00000007b4380000, 0x00000007c0000000)
  eden space 4002816K, 100% used [0x000000066ab00000,0x000000075f000000,0x000000075f000000)
  from space 280576K, 99% used [0x000000075f000000,0x00000007701ffc60,0x0000000770200000)
  to   space 356352K, 0% used [0x000000079e780000,0x000000079e780000,0x00000007b4380000)
 ParOldGen       total 889344K, used 701119K [0x00000003c0000000, 0x00000003f6480000, 0x000000066ab00000)
  object space 889344K, 78% used [0x00000003c0000000,0x00000003eacafe58,0x00000003f6480000)
 Metaspace       used 148245K, capacity 151241K, committed 151448K, reserved 1175552K
  class space    used 24405K, capacity 25383K, committed 25504K, reserved 1048576K
Event: 56.853 GC heap after
Heap after GC invocations=29 (full 5):
 PSYoungGen      total 4893696K, used 356341K [0x000000066ab00000, 0x00000007c0000000, 0x00000007c0000000)
  eden space 4537344K, 0% used [0x000000066ab00000,0x000000066ab00000,0x000000077fa00000)
  from space 356352K, 99% used [0x000000079e780000,0x00000007b437d740,0x00000007b4380000)
  to   space 505344K, 0% used [0x000000077fa00000,0x000000077fa00000,0x000000079e780000)
 ParOldGen       total 946688K, used 946635K [0x00000003c0000000, 0x00000003f9c80000, 0x000000066ab00000)
  object space 946688K, 99% used [0x00000003c0000000,0x00000003f9c72ef0,0x00000003f9c80000)
 Metaspace       used 148245K, capacity 151241K, committed 151448K, reserved 1175552K
  class space    used 24405K, capacity 25383K, committed 25504K, reserved 1048576K
}
Event: 56.853 GC heap before
{Heap before GC invocations=30 (full 6):
 PSYoungGen      total 4893696K, used 356341K [0x000000066ab00000, 0x00000007c0000000, 0x00000007c0000000)
  eden space 4537344K, 0% used [0x000000066ab00000,0x000000066ab00000,0x000000077fa00000)
  from space 356352K, 99% used [0x000000079e780000,0x00000007b437d740,0x00000007b4380000)
  to   space 505344K, 0% used [0x000000077fa00000,0x000000077fa00000,0x000000079e780000)
 ParOldGen       total 946688K, used 946635K [0x00000003c0000000, 0x00000003f9c80000, 0x000000066ab00000)
  object space 946688K, 99% used [0x00000003c0000000,0x00000003f9c72ef0,0x00000003f9c80000)
 Metaspace       used 148245K, capacity 151241K, committed 151448K, reserved 1175552K
  class space    used 24405K, capacity 25383K, committed 25504K, reserved 1048576K
Event: 58.190 GC heap after
Heap after GC invocations=30 (full 6):
 PSYoungGen      total 4893696K, used 266222K [0x000000066ab00000, 0x00000007c0000000, 0x00000007c0000000)
  eden space 4537344K, 0% used [0x000000066ab00000,0x000000066ab00000,0x000000077fa00000)
  from space 356352K, 74% used [0x000000079e780000,0x00000007aeb7b9e0,0x00000007b4380000)
  to   space 505344K, 0% used [0x000000077fa00000,0x000000077fa00000,0x000000079e780000)
 ParOldGen       total 1414656K, used 946393K [0x00000003c0000000, 0x0000000416580000, 0x000000066ab00000)
  object space 1414656K, 66% used [0x00000003c0000000,0x00000003f9c36500,0x0000000416580000)
 Metaspace       used 148237K, capacity 151229K, committed 151448K, reserved 1175552K
  class space    used 24404K, capacity 25381K, committed 25504K, reserved 1048576K
}

